Using pre-set license
Built from '2021.3/staging' branch; Version is '2021.3.36f1 (7a0645017be0) revision 7996997'; Using compiler version '192829333'; Build Type 'Release'
OS: 'Windows 11  (10.0.26100) 64bit Professional' Language: 'ru' Physical Memory: 16104 MB
BatchMode: 1, IsHumanControllingUs: 0, StartBugReporterOnCrash: 0, Is64bit: 1, IsPro: 1

COMMAND LINE ARGUMENTS:
C:\Program Files\Unity\Hub\Editor\2021.3.36f1\Editor\Unity.exe
-adb2
-batchMode
-noUpm
-name
AssetImportWorker5
-projectPath
C:/UnityProject/Run
-logFile
Logs/AssetImportWorker5.log
-srvPort
52677
Successfully changed project path to: C:/UnityProject/Run
C:/UnityProject/Run
[UnityMemory] Configuration Parameters - Can be set up in boot.config
    "memorysetup-bucket-allocator-granularity=16"
    "memorysetup-bucket-allocator-bucket-count=8"
    "memorysetup-bucket-allocator-block-size=33554432"
    "memorysetup-bucket-allocator-block-count=8"
    "memorysetup-main-allocator-block-size=16777216"
    "memorysetup-thread-allocator-block-size=16777216"
    "memorysetup-gfx-main-allocator-block-size=16777216"
    "memorysetup-gfx-thread-allocator-block-size=16777216"
    "memorysetup-cache-allocator-block-size=4194304"
    "memorysetup-typetree-allocator-block-size=2097152"
    "memorysetup-profiler-bucket-allocator-granularity=16"
    "memorysetup-profiler-bucket-allocator-bucket-count=8"
    "memorysetup-profiler-bucket-allocator-block-size=33554432"
    "memorysetup-profiler-bucket-allocator-block-count=8"
    "memorysetup-profiler-allocator-block-size=16777216"
    "memorysetup-profiler-editor-allocator-block-size=1048576"
    "memorysetup-temp-allocator-size-main=16777216"
    "memorysetup-job-temp-allocator-block-size=2097152"
    "memorysetup-job-temp-allocator-block-size-background=1048576"
    "memorysetup-job-temp-allocator-reduction-small-platforms=262144"
    "memorysetup-temp-allocator-size-background-worker=32768"
    "memorysetup-temp-allocator-size-job-worker=262144"
    "memorysetup-temp-allocator-size-preload-manager=33554432"
    "memorysetup-temp-allocator-size-nav-mesh-worker=65536"
    "memorysetup-temp-allocator-size-audio-worker=65536"
    "memorysetup-temp-allocator-size-cloud-worker=32768"
    "memorysetup-temp-allocator-size-gi-baking-worker=262144"
    "memorysetup-temp-allocator-size-gfx=262144"
Player connection [34972] Host "[IP] 172.16.0.2 [Port] 0 [Flags] 2 [Guid] 894467381 [EditorId] 894467381 [Version] 1048832 [Id] WindowsEditor(7,Ilyas) [Debug] 1 [PackageName] WindowsEditor [ProjectName] Editor" joined multi-casting on [225.0.0.222:54997]...

Player connection [34972] Host "[IP] 172.16.0.2 [Port] 0 [Flags] 2 [Guid] 894467381 [EditorId] 894467381 [Version] 1048832 [Id] WindowsEditor(7,Ilyas) [Debug] 1 [PackageName] WindowsEditor [ProjectName] Editor" joined alternative multi-casting on [225.0.0.222:34997]...

[Physics::Module] Initialized MultithreadedJobDispatcher with {0} workers.
Refreshing native plugins compatible for Editor in 73.80 ms, found 3 plugins.
Preloading 0 native plugins for Editor in 0.00 ms.
Initialize engine version: 2021.3.36f1 (7a0645017be0)
[Subsystems] Discovering subsystems at path C:/Program Files/Unity/Hub/Editor/2021.3.36f1/Editor/Data/Resources/UnitySubsystems
[Subsystems] Discovering subsystems at path C:/UnityProject/Run/Assets
GfxDevice: creating device client; threaded=0; jobified=0
Direct3D:
    Version:  Direct3D 11.0 [level 11.1]
    Renderer: NVIDIA GeForce RTX 4050 Laptop GPU (ID=0x28a1)
    Vendor:   NVIDIA
    VRAM:     5921 MB
    Driver:   31.0.15.5222
Initialize mono
Mono path[0] = 'C:/Program Files/Unity/Hub/Editor/2021.3.36f1/Editor/Data/Managed'
Mono path[1] = 'C:/Program Files/Unity/Hub/Editor/2021.3.36f1/Editor/Data/MonoBleedingEdge/lib/mono/unityjit-win32'
Mono config path = 'C:/Program Files/Unity/Hub/Editor/2021.3.36f1/Editor/Data/MonoBleedingEdge/etc'
Using monoOptions --debugger-agent=transport=dt_socket,embedding=1,server=y,suspend=n,address=127.0.0.1:56788
Begin MonoManager ReloadAssembly
Registering precompiled unity dll's ...
Register platform support module: C:/Program Files/Unity/Hub/Editor/2021.3.36f1/Editor/Data/PlaybackEngines/WebGLSupport/UnityEditor.WebGL.Extensions.dll
Register platform support module: C:/Program Files/Unity/Hub/Editor/2021.3.36f1/Editor/Data/PlaybackEngines/AndroidPlayer/UnityEditor.Android.Extensions.dll
Register platform support module: C:/Program Files/Unity/Hub/Editor/2021.3.36f1/Editor/Data/PlaybackEngines/iOSSupport/UnityEditor.iOS.Extensions.dll
Register platform support module: C:/Program Files/Unity/Hub/Editor/2021.3.36f1/Editor/Data/PlaybackEngines/WindowsStandaloneSupport/UnityEditor.WindowsStandalone.Extensions.dll
Registered in 0.015810 seconds.
Native extension for WindowsStandalone target not found
Failed to load: C:/Program Files/Unity/Hub/Editor/2021.3.36f1/Editor/Data/PlaybackEngines/iOSSupport\x64\UnityEditor.iOS.Native.dll
Native extension for iOS target not found
Native extension for Android target not found
Android Extension - Scanning For ADB Devices 457 ms
Native extension for WebGL target not found
Refreshing native plugins compatible for Editor in 99.33 ms, found 3 plugins.
Preloading 0 native plugins for Editor in 0.00 ms.
Mono: successfully reloaded assembly
- Completed reload, in  1.389 seconds
Domain Reload Profiling:
	ReloadAssembly (1390ms)
		BeginReloadAssembly (141ms)
			ExecutionOrderSort (0ms)
			DisableScriptedObjects (0ms)
			BackupInstance (0ms)
			ReleaseScriptingObjects (0ms)
			CreateAndSetChildDomain (1ms)
		EndReloadAssembly (1130ms)
			LoadAssemblies (142ms)
			RebuildTransferFunctionScriptingTraits (0ms)
			SetupTypeCache (132ms)
			ReleaseScriptCaches (0ms)
			RebuildScriptCaches (38ms)
			SetupLoadedEditorAssemblies (907ms)
				LogAssemblyErrors (0ms)
				InitializePlatformSupportModulesInManaged (644ms)
				SetLoadedEditorAssemblies (0ms)
				RefreshPlugins (99ms)
				BeforeProcessingInitializeOnLoad (2ms)
				ProcessInitializeOnLoadAttributes (109ms)
				ProcessInitializeOnLoadMethodAttributes (53ms)
				AfterProcessingInitializeOnLoad (0ms)
				EditorAssembliesLoaded (0ms)
			ExecutionOrderSort2 (0ms)
			AwakeInstancesAfterBackupRestoration (0ms)
Platform modules already initialized, skipping
Registering precompiled user dll's ...
Registered in 0.016049 seconds.
Begin MonoManager ReloadAssembly
Native extension for WindowsStandalone target not found
Failed to load: C:/Program Files/Unity/Hub/Editor/2021.3.36f1/Editor/Data/PlaybackEngines/iOSSupport\x64\UnityEditor.iOS.Native.dll
Native extension for iOS target not found
Native extension for Android target not found
Native extension for WebGL target not found
Refreshing native plugins compatible for Editor in 83.11 ms, found 3 plugins.
Preloading 0 native plugins for Editor in 0.00 ms.
Package Manager log level set to [2]
[Package Manager] Server::EnsureServerProcessIsRunning -- launch failed, reason: Unity was launched with the -noUpm command-line argument
[Package Manager] Cannot connect to Unity Package Manager local server
Mono: successfully reloaded assembly
- Completed reload, in  1.648 seconds
Domain Reload Profiling:
	ReloadAssembly (1649ms)
		BeginReloadAssembly (136ms)
			ExecutionOrderSort (0ms)
			DisableScriptedObjects (8ms)
			BackupInstance (0ms)
			ReleaseScriptingObjects (0ms)
			CreateAndSetChildDomain (19ms)
		EndReloadAssembly (1396ms)
			LoadAssemblies (161ms)
			RebuildTransferFunctionScriptingTraits (0ms)
			SetupTypeCache (290ms)
			ReleaseScriptCaches (1ms)
			RebuildScriptCaches (58ms)
			SetupLoadedEditorAssemblies (871ms)
				LogAssemblyErrors (0ms)
				InitializePlatformSupportModulesInManaged (32ms)
				SetLoadedEditorAssemblies (0ms)
				RefreshPlugins (83ms)
				BeforeProcessingInitializeOnLoad (93ms)
				ProcessInitializeOnLoadAttributes (595ms)
				ProcessInitializeOnLoadMethodAttributes (62ms)
				AfterProcessingInitializeOnLoad (4ms)
				EditorAssembliesLoaded (0ms)
			ExecutionOrderSort2 (0ms)
			AwakeInstancesAfterBackupRestoration (5ms)
Platform modules already initialized, skipping
========================================================================
Worker process is ready to serve import requests
Launched and connected shader compiler UnityShaderCompiler.exe after 0.06 seconds
Refreshing native plugins compatible for Editor in 0.76 ms, found 3 plugins.
Preloading 0 native plugins for Editor in 0.00 ms.
Unloading 4338 Unused Serialized files (Serialized files now loaded: 0)
Unloading 40 unused Assets / (2.1 MB). Loaded Objects now: 4786.
Memory consumption went from 164.8 MB to 162.7 MB.
Total: 4.668000 ms (FindLiveObjects: 0.330600 ms CreateObjectMapping: 0.184800 ms MarkObjects: 3.769800 ms  DeleteObjects: 0.381100 ms)

AssetImportParameters requested are different than current active one (requested -> active):
  custom:video-decoder-ogg-theora: a1e56fd34408186e4bbccfd4996cb3dc -> 
  custom:container-muxer-webm: aa71ff27fc2769a1b78a27578f13a17b -> 
  custom:container-demuxer-webm: 4f35f7cbe854078d1ac9338744f61a02 -> 
  custom:video-encoder-webm-vp8: eb34c28f22e8b96e1ab97ce403110664 -> 
  custom:video-codec-MediaFoundation-h265: 746d11721c4dcdbdad8f713fa42b33f4 -> 
  custom:CustomObjectIndexerAttribute: bc11b3a6c3213fcdd17b65e7da85e133 -> 
  custom:audio-encoder-webm-vorbis: bf7c407c2cedff20999df2af8eb42d56 -> 
  custom:framework-win-MediaFoundation: 216162199b28c13a410421893ffa2e32 -> 
  custom:SearchIndexIgnoredProperties: e643bd26f0fe6173181afceb89e7c659 -> 
  custom:container-demuxer-ogg: 62fdf1f143b41e24485cea50d1cbac27 -> 
  custom:video-decoder-webm-vp8: 9c59270c3fd7afecdb556c50c9e8de78 -> 
  custom:audio-decoder-ogg-vorbis: bf7c407c2cedff20999df2af8eb42d56 -> 
========================================================================
Received Prepare
Registering precompiled user dll's ...
Registered in 0.003114 seconds.
Begin MonoManager ReloadAssembly
Native extension for WindowsStandalone target not found
Failed to load: C:/Program Files/Unity/Hub/Editor/2021.3.36f1/Editor/Data/PlaybackEngines/iOSSupport\x64\UnityEditor.iOS.Native.dll
Native extension for iOS target not found
Native extension for Android target not found
Native extension for WebGL target not found
Refreshing native plugins compatible for Editor in 1.28 ms, found 3 plugins.
Preloading 0 native plugins for Editor in 0.00 ms.
[Package Manager] Server::EnsureServerProcessIsRunning -- launch failed, reason: Unity was launched with the -noUpm command-line argument
[Package Manager] Cannot connect to Unity Package Manager local server
[Package Manager] Server::EnsureServerProcessIsRunning -- launch failed, reason: Unity was launched with the -noUpm command-line argument
[Package Manager] Cannot connect to Unity Package Manager local server
[Package Manager] Server::EnsureServerProcessIsRunning -- launch failed, reason: Unity was launched with the -noUpm command-line argument
[Package Manager] Cannot connect to Unity Package Manager local server
Mono: successfully reloaded assembly
- Completed reload, in  2.325 seconds
Domain Reload Profiling:
	ReloadAssembly (2326ms)
		BeginReloadAssembly (380ms)
			ExecutionOrderSort (0ms)
			DisableScriptedObjects (9ms)
			BackupInstance (0ms)
			ReleaseScriptingObjects (0ms)
			CreateAndSetChildDomain (98ms)
		EndReloadAssembly (1702ms)
			LoadAssemblies (288ms)
			RebuildTransferFunctionScriptingTraits (0ms)
			SetupTypeCache (609ms)
			ReleaseScriptCaches (3ms)
			RebuildScriptCaches (65ms)
			SetupLoadedEditorAssemblies (812ms)
				LogAssemblyErrors (0ms)
				InitializePlatformSupportModulesInManaged (51ms)
				SetLoadedEditorAssemblies (1ms)
				RefreshPlugins (1ms)
				BeforeProcessingInitializeOnLoad (100ms)
				ProcessInitializeOnLoadAttributes (586ms)
				ProcessInitializeOnLoadMethodAttributes (67ms)
				AfterProcessingInitializeOnLoad (5ms)
				EditorAssembliesLoaded (0ms)
			ExecutionOrderSort2 (0ms)
			AwakeInstancesAfterBackupRestoration (7ms)
Platform modules already initialized, skipping
Refreshing native plugins compatible for Editor in 0.77 ms, found 3 plugins.
Preloading 0 native plugins for Editor in 0.00 ms.
Unloading 4281 Unused Serialized files (Serialized files now loaded: 0)
Unloading 35 unused Assets / (2.1 MB). Loaded Objects now: 4789.
Memory consumption went from 158.8 MB to 156.7 MB.
Total: 4.783500 ms (FindLiveObjects: 0.300700 ms CreateObjectMapping: 0.179100 ms MarkObjects: 3.972800 ms  DeleteObjects: 0.328800 ms)

AssetImportParameters requested are different than current active one (requested -> active):
  custom:video-decoder-ogg-theora: a1e56fd34408186e4bbccfd4996cb3dc -> 
  custom:container-muxer-webm: aa71ff27fc2769a1b78a27578f13a17b -> 
  custom:container-demuxer-webm: 4f35f7cbe854078d1ac9338744f61a02 -> 
  custom:video-encoder-webm-vp8: eb34c28f22e8b96e1ab97ce403110664 -> 
  custom:video-codec-MediaFoundation-h265: 746d11721c4dcdbdad8f713fa42b33f4 -> 
  custom:CustomObjectIndexerAttribute: bc11b3a6c3213fcdd17b65e7da85e133 -> 
  custom:audio-encoder-webm-vorbis: bf7c407c2cedff20999df2af8eb42d56 -> 
  custom:framework-win-MediaFoundation: 216162199b28c13a410421893ffa2e32 -> 
  custom:SearchIndexIgnoredProperties: e643bd26f0fe6173181afceb89e7c659 -> 
  custom:container-demuxer-ogg: 62fdf1f143b41e24485cea50d1cbac27 -> 
  custom:video-decoder-webm-vp8: 9c59270c3fd7afecdb556c50c9e8de78 -> 
  custom:audio-decoder-ogg-vorbis: bf7c407c2cedff20999df2af8eb42d56 -> 
========================================================================
Received Import Request.
  Time since last request: 1801024.191476 seconds.
  path: Assets/Traint/Free Casual Buttons Pack/Sprites/009 Blue/Button 024.png
  artifactKey: Guid(009aa238d5e2c824994489fa9e30c281) Importer(815301076,1909f56bfc062723c751e8b465ee728b)
Number of updated assets reloaded before import = 0
Start importing Assets/Traint/Free Casual Buttons Pack/Sprites/009 Blue/Button 024.png using Guid(009aa238d5e2c824994489fa9e30c281) Importer(815301076,1909f56bfc062723c751e8b465ee728b)  -> (artifact id: '62bacc75b245911ff97584ecbb818ee1') in 0.367607 seconds 
Number of asset objects unloaded after import = 3
========================================================================
Received Import Request.
  Time since last request: 0.000057 seconds.
  path: Assets/Traint/Free Casual Buttons Pack/Sprites/006 Light Yellow/Button 023.png
  artifactKey: Guid(e5b479550d396f3409248ce49946504c) Importer(815301076,1909f56bfc062723c751e8b465ee728b)
Number of updated assets reloaded before import = 0
Start importing Assets/Traint/Free Casual Buttons Pack/Sprites/006 Light Yellow/Button 023.png using Guid(e5b479550d396f3409248ce49946504c) Importer(815301076,1909f56bfc062723c751e8b465ee728b)  -> (artifact id: '00129a118079abf949b03a187c3d0432') in 0.036300 seconds 
Number of asset objects unloaded after import = 3
========================================================================
Received Import Request.
  Time since last request: 0.000047 seconds.
  path: Assets/Traint/Free Casual Buttons Pack/Sprites/008 Light Blue/Button 021.png
  artifactKey: Guid(f12978d31edb74e41924f84e2d0c8eb9) Importer(815301076,1909f56bfc062723c751e8b465ee728b)
Number of updated assets reloaded before import = 0
Start importing Assets/Traint/Free Casual Buttons Pack/Sprites/008 Light Blue/Button 021.png using Guid(f12978d31edb74e41924f84e2d0c8eb9) Importer(815301076,1909f56bfc062723c751e8b465ee728b)  -> (artifact id: 'ec1442b9ff75ed494d332227dd9b962a') in 0.037905 seconds 
Number of asset objects unloaded after import = 3
========================================================================
Received Import Request.
  Time since last request: 0.000027 seconds.
  path: Assets/Traint/Free Casual Buttons Pack/Sprites/002 Bright Red/Button 022.png
  artifactKey: Guid(8a909146f6dc6544d888c8cdd42c1e7f) Importer(815301076,1909f56bfc062723c751e8b465ee728b)
Number of updated assets reloaded before import = 0
Start importing Assets/Traint/Free Casual Buttons Pack/Sprites/002 Bright Red/Button 022.png using Guid(8a909146f6dc6544d888c8cdd42c1e7f) Importer(815301076,1909f56bfc062723c751e8b465ee728b)  -> (artifact id: '233a88959b5c0760213d9b5965eddf8e') in 0.037741 seconds 
Number of asset objects unloaded after import = 3
========================================================================
Received Import Request.
  Time since last request: 0.000028 seconds.
  path: Assets/Traint/Free Casual Buttons Pack/Sprites/009 Blue/Button 020.png
  artifactKey: Guid(9e2b8d24c3c916849a478898df482337) Importer(815301076,1909f56bfc062723c751e8b465ee728b)
Number of updated assets reloaded before import = 0
Start importing Assets/Traint/Free Casual Buttons Pack/Sprites/009 Blue/Button 020.png using Guid(9e2b8d24c3c916849a478898df482337) Importer(815301076,1909f56bfc062723c751e8b465ee728b)  -> (artifact id: '9316a3f63db5416b5c8145f51b84e409') in 0.026389 seconds 
Number of asset objects unloaded after import = 3
========================================================================
Received Import Request.
  Time since last request: 0.000033 seconds.
  path: Assets/Traint/Free Casual Buttons Pack/Sprites/006 Light Yellow/Button 020.png
  artifactKey: Guid(8041cb9a06f0ed948a98814498189100) Importer(815301076,1909f56bfc062723c751e8b465ee728b)
Number of updated assets reloaded before import = 0
Start importing Assets/Traint/Free Casual Buttons Pack/Sprites/006 Light Yellow/Button 020.png using Guid(8041cb9a06f0ed948a98814498189100) Importer(815301076,1909f56bfc062723c751e8b465ee728b)  -> (artifact id: '6f0001b7c79c7826735e62c784c6e59d') in 0.026208 seconds 
Number of asset objects unloaded after import = 3
========================================================================
Received Import Request.
  Time since last request: 0.000028 seconds.
  path: Assets/Traint/Free Casual Buttons Pack/Sprites/008 Light Blue/Button 022.png
  artifactKey: Guid(d01a5c27c3b405140a432aa222d130fc) Importer(815301076,1909f56bfc062723c751e8b465ee728b)
Number of updated assets reloaded before import = 0
Start importing Assets/Traint/Free Casual Buttons Pack/Sprites/008 Light Blue/Button 022.png using Guid(d01a5c27c3b405140a432aa222d130fc) Importer(815301076,1909f56bfc062723c751e8b465ee728b)  -> (artifact id: '9f91205a07aebbce9110feda89a78696') in 0.027708 seconds 
Number of asset objects unloaded after import = 3
========================================================================
Received Import Request.
  Time since last request: 0.000043 seconds.
  path: Assets/Traint/Free Casual Buttons Pack/Original Artwork/Free Casual Buttons Pack.psd
  artifactKey: Guid(448fb3945e0c2cf4aa445fe845107b49) Importer(815301076,1909f56bfc062723c751e8b465ee728b)
Number of updated assets reloaded before import = 0
Start importing Assets/Traint/Free Casual Buttons Pack/Original Artwork/Free Casual Buttons Pack.psd using Guid(448fb3945e0c2cf4aa445fe845107b49) Importer(815301076,1909f56bfc062723c751e8b465ee728b)  -> (artifact id: '1be9bedb32e48193d71c6ab339f1a18a') in 0.212860 seconds 
Number of asset objects unloaded after import = 3
========================================================================
Received Import Request.
  Time since last request: 0.000041 seconds.
  path: Assets/Traint/Free Casual Buttons Pack/Sprites/001 Red/Button 022.png
  artifactKey: Guid(d2ce466b1af09d84ab7944999284201a) Importer(815301076,1909f56bfc062723c751e8b465ee728b)
Number of updated assets reloaded before import = 0
Start importing Assets/Traint/Free Casual Buttons Pack/Sprites/001 Red/Button 022.png using Guid(d2ce466b1af09d84ab7944999284201a) Importer(815301076,1909f56bfc062723c751e8b465ee728b)  -> (artifact id: '4e51b0c579079d1d0340a0bb3321a38b') in 0.029804 seconds 
Number of asset objects unloaded after import = 3
========================================================================
Received Import Request.
  Time since last request: 0.000043 seconds.
  path: Assets/Traint/Free Casual Buttons Pack/Sprites/009 Blue/Button 021.png
  artifactKey: Guid(7cf21fa57fc21d8469a5198b7b845b14) Importer(815301076,1909f56bfc062723c751e8b465ee728b)
Number of updated assets reloaded before import = 0
Start importing Assets/Traint/Free Casual Buttons Pack/Sprites/009 Blue/Button 021.png using Guid(7cf21fa57fc21d8469a5198b7b845b14) Importer(815301076,1909f56bfc062723c751e8b465ee728b)  -> (artifact id: 'f3ac33c41220031b29e7892be4696176') in 0.032872 seconds 
Number of asset objects unloaded after import = 3
========================================================================
Received Import Request.
  Time since last request: 0.000027 seconds.
  path: Assets/Traint/Free Casual Buttons Pack/Sprites/004 Light Orange/Button 023.png
  artifactKey: Guid(26eed542ccb9eda4fbed02ec9253744b) Importer(815301076,1909f56bfc062723c751e8b465ee728b)
Number of updated assets reloaded before import = 0
Start importing Assets/Traint/Free Casual Buttons Pack/Sprites/004 Light Orange/Button 023.png using Guid(26eed542ccb9eda4fbed02ec9253744b) Importer(815301076,1909f56bfc062723c751e8b465ee728b)  -> (artifact id: '1a0b102e67b623c2f5f819aba37128a5') in 0.028680 seconds 
Number of asset objects unloaded after import = 3
========================================================================
Received Import Request.
  Time since last request: 0.000028 seconds.
  path: Assets/Traint/Free Casual Buttons Pack/Sprites/005 Yellow/Button 020.png
  artifactKey: Guid(87e8bbd9c3059444485bb9ddfd4e855a) Importer(815301076,1909f56bfc062723c751e8b465ee728b)
Number of updated assets reloaded before import = 0
Start importing Assets/Traint/Free Casual Buttons Pack/Sprites/005 Yellow/Button 020.png using Guid(87e8bbd9c3059444485bb9ddfd4e855a) Importer(815301076,1909f56bfc062723c751e8b465ee728b)  -> (artifact id: '1544b537019a6e71e213ff6fc87b4053') in 0.024678 seconds 
Number of asset objects unloaded after import = 3
========================================================================
Received Import Request.
  Time since last request: 0.000060 seconds.
  path: Assets/Traint/Free Casual Buttons Pack/Sprites/003 Orange/Button 022.png
  artifactKey: Guid(e1281399626059740bab93444b6cafe9) Importer(815301076,1909f56bfc062723c751e8b465ee728b)
Number of updated assets reloaded before import = 0
Start importing Assets/Traint/Free Casual Buttons Pack/Sprites/003 Orange/Button 022.png using Guid(e1281399626059740bab93444b6cafe9) Importer(815301076,1909f56bfc062723c751e8b465ee728b)  -> (artifact id: '66b6706707617cec0ebbf5d5d63d9eab') in 0.022360 seconds 
Number of asset objects unloaded after import = 3
========================================================================
Received Import Request.
  Time since last request: 0.000025 seconds.
  path: Assets/Traint/Free Casual Buttons Pack/Sprites/002 Bright Red/Button 019.png
  artifactKey: Guid(65ceee2115a2f6a4ab22e214004b26d1) Importer(815301076,1909f56bfc062723c751e8b465ee728b)
Number of updated assets reloaded before import = 0
Start importing Assets/Traint/Free Casual Buttons Pack/Sprites/002 Bright Red/Button 019.png using Guid(65ceee2115a2f6a4ab22e214004b26d1) Importer(815301076,1909f56bfc062723c751e8b465ee728b)  -> (artifact id: '9ed0441e6e27beeadef2eafcf655bfb3') in 0.022779 seconds 
Number of asset objects unloaded after import = 3
========================================================================
Received Import Request.
  Time since last request: 0.000020 seconds.
  path: Assets/Traint/Free Casual Buttons Pack/Sprites/002 Bright Red/Button 023.png
  artifactKey: Guid(4745224c0f1289b4ab0813945f2d1583) Importer(815301076,1909f56bfc062723c751e8b465ee728b)
Number of updated assets reloaded before import = 0
Start importing Assets/Traint/Free Casual Buttons Pack/Sprites/002 Bright Red/Button 023.png using Guid(4745224c0f1289b4ab0813945f2d1583) Importer(815301076,1909f56bfc062723c751e8b465ee728b)  -> (artifact id: '67e7417a7d1b27ee7cfb685969d9a6fe') in 0.028123 seconds 
Number of asset objects unloaded after import = 3
========================================================================
Received Import Request.
  Time since last request: 0.000025 seconds.
  path: Assets/Traint/Free Casual Buttons Pack/Sprites/001 Red/Button 023.png
  artifactKey: Guid(ccfe64823fc65a045bd3f1a3b6a410c8) Importer(815301076,1909f56bfc062723c751e8b465ee728b)
Number of updated assets reloaded before import = 0
Start importing Assets/Traint/Free Casual Buttons Pack/Sprites/001 Red/Button 023.png using Guid(ccfe64823fc65a045bd3f1a3b6a410c8) Importer(815301076,1909f56bfc062723c751e8b465ee728b)  -> (artifact id: '83d040ebdddc108d71e70d6dc6fefe83') in 0.028658 seconds 
Number of asset objects unloaded after import = 3
========================================================================
Received Import Request.
  Time since last request: 0.000029 seconds.
  path: Assets/Traint/Free Casual Buttons Pack/Sprites/001 Red/Button 024.png
  artifactKey: Guid(18577893882b5dc44b7d23c77e52e2f3) Importer(815301076,1909f56bfc062723c751e8b465ee728b)
Number of updated assets reloaded before import = 0
Start importing Assets/Traint/Free Casual Buttons Pack/Sprites/001 Red/Button 024.png using Guid(18577893882b5dc44b7d23c77e52e2f3) Importer(815301076,1909f56bfc062723c751e8b465ee728b)  -> (artifact id: '5545139dbe2e8b19a2458e9133d3ca29') in 0.027101 seconds 
Number of asset objects unloaded after import = 3
========================================================================
Received Import Request.
  Time since last request: 0.000059 seconds.
  path: Assets/Traint/Free Casual Buttons Pack/Sprites/007 Light Green/Button 023.png
  artifactKey: Guid(b4ed4ea2c524ef74faae56c6a7f18f37) Importer(815301076,1909f56bfc062723c751e8b465ee728b)
Number of updated assets reloaded before import = 0
Start importing Assets/Traint/Free Casual Buttons Pack/Sprites/007 Light Green/Button 023.png using Guid(b4ed4ea2c524ef74faae56c6a7f18f37) Importer(815301076,1909f56bfc062723c751e8b465ee728b)  -> (artifact id: '465a26765b7c15ee0ce95c5292a2084d') in 0.024826 seconds 
Number of asset objects unloaded after import = 3
========================================================================
Received Import Request.
  Time since last request: 0.000030 seconds.
  path: Assets/Traint/Free Casual Buttons Pack/Sprites/005 Yellow/Button 022.png
  artifactKey: Guid(3326523f843273f4c811ef9e1c1139c2) Importer(815301076,1909f56bfc062723c751e8b465ee728b)
Number of updated assets reloaded before import = 0
Start importing Assets/Traint/Free Casual Buttons Pack/Sprites/005 Yellow/Button 022.png using Guid(3326523f843273f4c811ef9e1c1139c2) Importer(815301076,1909f56bfc062723c751e8b465ee728b)  -> (artifact id: '1dfd704058937357ed84ea60112cd04a') in 0.025739 seconds 
Number of asset objects unloaded after import = 3
========================================================================
Received Import Request.
  Time since last request: 0.000040 seconds.
  path: Assets/Traint/Free Casual Buttons Pack/Sprites/007 Light Green/Button 020.png
  artifactKey: Guid(a965fbbeabb1a584595400a6943f5d62) Importer(815301076,1909f56bfc062723c751e8b465ee728b)
Number of updated assets reloaded before import = 0
Start importing Assets/Traint/Free Casual Buttons Pack/Sprites/007 Light Green/Button 020.png using Guid(a965fbbeabb1a584595400a6943f5d62) Importer(815301076,1909f56bfc062723c751e8b465ee728b)  -> (artifact id: 'cfafebb686b8cffae0ccf9f03cd0f399') in 0.022129 seconds 
Number of asset objects unloaded after import = 3
========================================================================
Received Import Request.
  Time since last request: 0.000029 seconds.
  path: Assets/Traint/Free Casual Buttons Pack/Sprites/003 Orange/Button 019.png
  artifactKey: Guid(45fee7aadb70672408f54083cef972bf) Importer(815301076,1909f56bfc062723c751e8b465ee728b)
Number of updated assets reloaded before import = 0
Start importing Assets/Traint/Free Casual Buttons Pack/Sprites/003 Orange/Button 019.png using Guid(45fee7aadb70672408f54083cef972bf) Importer(815301076,1909f56bfc062723c751e8b465ee728b)  -> (artifact id: '6f9ad8a16f4c2512cc01900a65d54cb5') in 0.025616 seconds 
Number of asset objects unloaded after import = 3
========================================================================
Received Import Request.
  Time since last request: 0.000025 seconds.
  path: Assets/Traint/Free Casual Buttons Pack/Sprites/006 Light Yellow/Button 019.png
  artifactKey: Guid(1507865c11d440547b472545b600f059) Importer(815301076,1909f56bfc062723c751e8b465ee728b)
Number of updated assets reloaded before import = 0
Start importing Assets/Traint/Free Casual Buttons Pack/Sprites/006 Light Yellow/Button 019.png using Guid(1507865c11d440547b472545b600f059) Importer(815301076,1909f56bfc062723c751e8b465ee728b)  -> (artifact id: '2bc0f999f018c0f2f510bbe6b73dfd1d') in 0.026230 seconds 
Number of asset objects unloaded after import = 3
Editor requested this worker to shutdown with reason: Scaling down because of idle timeout
AssetImportWorker is now disconnected from the server
Process exiting
Exiting without the bug reporter. Application will terminate with return code 0